<?xml version="1.0" encoding="UTF-8"?>
<testng-results skipped="0" failed="0" total="1" passed="1">
  <reporter-output>
  </reporter-output>
  <suite name="Default suite" duration-ms="4645" started-at="2020-06-29T18:47:18Z" finished-at="2020-06-29T18:47:23Z">
    <groups>
    </groups>
    <test name="Default test" duration-ms="4645" started-at="2020-06-29T18:47:18Z" finished-at="2020-06-29T18:47:23Z">
      <class name="com.Script.Library.CreateNewResourceTest">
        <test-method status="PASS" signature="checkCreateNewResource()[pri:0, instance:com.Script.Library.CreateNewResourceTest@445b84c0]" name="checkCreateNewResource" duration-ms="4605" started-at="2020-06-30T00:17:18Z" finished-at="2020-06-30T00:17:23Z">
          <reporter-output>
          </reporter-output>
        </test-method> <!-- checkCreateNewResource -->
      </class> <!-- com.Script.Library.CreateNewResourceTest -->
    </test> <!-- Default test -->
  </suite> <!-- Default suite -->
</testng-results>
